Created by PLY version 3.11 (http://www.dabeaz.com/ply)

Unused terminals:

    COMA
    DEFAULT
    DESDE
    FINDESDE
    FINPROC
    HAGA
    HASTA
    INICIOPROC
    PARENTECIS_DER
    PARENTECIS_IZQ
    SUMA

Grammar

Rule 0     S' -> Start
Rule 1     Start -> code
Rule 2     Start -> empty
Rule 3     code -> INICIO DOSPUNTOS cuerpo FIN PUNTOCOMA procedimiento
Rule 4     procedimiento -> ID
Rule 5     procedimiento -> empty
Rule 6     variable -> sinini PUNTOCOMA cuerpo
Rule 7     variable -> ini PUNTOCOMA cuerpo
Rule 8     variable -> empty empty empty
Rule 9     cuerpo -> variable
Rule 10    cuerpo -> expresion
Rule 11    expresion -> condicion1 expresion
Rule 12    expresion -> condicion2 expresion
Rule 13    expresion -> repita expresion
Rule 14    expresion -> empty empty
Rule 15    repita -> REPITA LLAVE_IZQ expresion LLAVE_DER HASTAENCONTRAR ID condicion sentencia PUNTOCOMA
Rule 16    condicion2 -> ENCASO ID cond2Aux2 FINENCASO PUNTOCOMA
Rule 17    cond2Aux2 -> CUANDO condicion sentencia ENTONS LLAVE_IZQ expresion LLAVE_DER SINO LLAVE_IZQ expresion LLAVE_DER
Rule 18    condicion1 -> ENCASO cond1Aux FINENCASO PUNTOCOMA
Rule 19    cond1Aux -> CUANDO ID condicion sentencia ENTONS LLAVE_IZQ expresion LLAVE_DER SINO LLAVE_IZQ expresion LLAVE_DER
Rule 20    condicion -> IGUAL
Rule 21    condicion -> MAYOR
Rule 22    condicion -> MENOR
Rule 23    condicion -> DIFERENTE
Rule 24    condicion -> MAYORIGUAL
Rule 25    condicion -> MENORIGUAL
Rule 26    sentencia -> ID
Rule 27    sentencia -> NUMERO
Rule 28    ini -> DCL ID IGUAL NUMERO
Rule 29    sinini -> DCL ID
Rule 30    empty -> <empty>

Terminals, with rules where they appear

COMA                 : 
CUANDO               : 17 19
DCL                  : 28 29
DEFAULT              : 
DESDE                : 
DIFERENTE            : 23
DOSPUNTOS            : 3
ENCASO               : 16 18
ENTONS               : 17 19
FIN                  : 3
FINDESDE             : 
FINENCASO            : 16 18
FINPROC              : 
HAGA                 : 
HASTA                : 
HASTAENCONTRAR       : 15
ID                   : 4 15 16 19 26 28 29
IGUAL                : 20 28
INICIO               : 3
INICIOPROC           : 
LLAVE_DER            : 15 17 17 19 19
LLAVE_IZQ            : 15 17 17 19 19
MAYOR                : 21
MAYORIGUAL           : 24
MENOR                : 22
MENORIGUAL           : 25
NUMERO               : 27 28
PARENTECIS_DER       : 
PARENTECIS_IZQ       : 
PUNTOCOMA            : 3 6 7 15 16 18
REPITA               : 15
SINO                 : 17 19
SUMA                 : 
error                : 

Nonterminals, with rules where they appear

Start                : 0
code                 : 1
cond1Aux             : 18
cond2Aux2            : 16
condicion            : 15 17 19
condicion1           : 11
condicion2           : 12
cuerpo               : 3 6 7
empty                : 2 5 8 8 8 14 14
expresion            : 10 11 12 13 15 17 17 19 19
ini                  : 7
procedimiento        : 3
repita               : 13
sentencia            : 15 17 19
sinini               : 6
variable             : 9

Parsing method: LALR

state 0

    (0) S' -> . Start
    (1) Start -> . code
    (2) Start -> . empty
    (3) code -> . INICIO DOSPUNTOS cuerpo FIN PUNTOCOMA procedimiento
    (30) empty -> .

    INICIO          shift and go to state 4
    $end            reduce using rule 30 (empty -> .)

    Start                          shift and go to state 1
    code                           shift and go to state 2
    empty                          shift and go to state 3

state 1

    (0) S' -> Start .



state 2

    (1) Start -> code .

    $end            reduce using rule 1 (Start -> code .)


state 3

    (2) Start -> empty .

    $end            reduce using rule 2 (Start -> empty .)


state 4

    (3) code -> INICIO . DOSPUNTOS cuerpo FIN PUNTOCOMA procedimiento

    DOSPUNTOS       shift and go to state 5


state 5

    (3) code -> INICIO DOSPUNTOS . cuerpo FIN PUNTOCOMA procedimiento
    (9) cuerpo -> . variable
    (10) cuerpo -> . expresion
    (6) variable -> . sinini PUNTOCOMA cuerpo
    (7) variable -> . ini PUNTOCOMA cuerpo
    (8) variable -> . empty empty empty
    (11) expresion -> . condicion1 expresion
    (12) expresion -> . condicion2 expresion
    (13) expresion -> . repita expresion
    (14) expresion -> . empty empty
    (29) sinini -> . DCL ID
    (28) ini -> . DCL ID IGUAL NUMERO
    (30) empty -> .
    (18) condicion1 -> . ENCASO cond1Aux FINENCASO PUNTOCOMA
    (16) condicion2 -> . ENCASO ID cond2Aux2 FINENCASO PUNTOCOMA
    (15) repita -> . REPITA LLAVE_IZQ expresion LLAVE_DER HASTAENCONTRAR ID condicion sentencia PUNTOCOMA

    DCL             shift and go to state 15
    FIN             reduce using rule 30 (empty -> .)
    ENCASO          shift and go to state 16
    REPITA          shift and go to state 17

    cuerpo                         shift and go to state 6
    variable                       shift and go to state 7
    expresion                      shift and go to state 8
    sinini                         shift and go to state 9
    ini                            shift and go to state 10
    empty                          shift and go to state 11
    condicion1                     shift and go to state 12
    condicion2                     shift and go to state 13
    repita                         shift and go to state 14

state 6

    (3) code -> INICIO DOSPUNTOS cuerpo . FIN PUNTOCOMA procedimiento

    FIN             shift and go to state 18


state 7

    (9) cuerpo -> variable .

    FIN             reduce using rule 9 (cuerpo -> variable .)


state 8

    (10) cuerpo -> expresion .

    FIN             reduce using rule 10 (cuerpo -> expresion .)


state 9

    (6) variable -> sinini . PUNTOCOMA cuerpo

    PUNTOCOMA       shift and go to state 19


state 10

    (7) variable -> ini . PUNTOCOMA cuerpo

    PUNTOCOMA       shift and go to state 20


state 11

    (8) variable -> empty . empty empty
    (14) expresion -> empty . empty
    (30) empty -> .

    FIN             reduce using rule 30 (empty -> .)

    empty                          shift and go to state 21

state 12

    (11) expresion -> condicion1 . expresion
    (11) expresion -> . condicion1 expresion
    (12) expresion -> . condicion2 expresion
    (13) expresion -> . repita expresion
    (14) expresion -> . empty empty
    (18) condicion1 -> . ENCASO cond1Aux FINENCASO PUNTOCOMA
    (16) condicion2 -> . ENCASO ID cond2Aux2 FINENCASO PUNTOCOMA
    (15) repita -> . REPITA LLAVE_IZQ expresion LLAVE_DER HASTAENCONTRAR ID condicion sentencia PUNTOCOMA
    (30) empty -> .

    ENCASO          shift and go to state 16
    REPITA          shift and go to state 17
    FIN             reduce using rule 30 (empty -> .)
    LLAVE_DER       reduce using rule 30 (empty -> .)

    condicion1                     shift and go to state 12
    expresion                      shift and go to state 22
    condicion2                     shift and go to state 13
    repita                         shift and go to state 14
    empty                          shift and go to state 23

state 13

    (12) expresion -> condicion2 . expresion
    (11) expresion -> . condicion1 expresion
    (12) expresion -> . condicion2 expresion
    (13) expresion -> . repita expresion
    (14) expresion -> . empty empty
    (18) condicion1 -> . ENCASO cond1Aux FINENCASO PUNTOCOMA
    (16) condicion2 -> . ENCASO ID cond2Aux2 FINENCASO PUNTOCOMA
    (15) repita -> . REPITA LLAVE_IZQ expresion LLAVE_DER HASTAENCONTRAR ID condicion sentencia PUNTOCOMA
    (30) empty -> .

    ENCASO          shift and go to state 16
    REPITA          shift and go to state 17
    FIN             reduce using rule 30 (empty -> .)
    LLAVE_DER       reduce using rule 30 (empty -> .)

    condicion2                     shift and go to state 13
    expresion                      shift and go to state 24
    condicion1                     shift and go to state 12
    repita                         shift and go to state 14
    empty                          shift and go to state 23

state 14

    (13) expresion -> repita . expresion
    (11) expresion -> . condicion1 expresion
    (12) expresion -> . condicion2 expresion
    (13) expresion -> . repita expresion
    (14) expresion -> . empty empty
    (18) condicion1 -> . ENCASO cond1Aux FINENCASO PUNTOCOMA
    (16) condicion2 -> . ENCASO ID cond2Aux2 FINENCASO PUNTOCOMA
    (15) repita -> . REPITA LLAVE_IZQ expresion LLAVE_DER HASTAENCONTRAR ID condicion sentencia PUNTOCOMA
    (30) empty -> .

    ENCASO          shift and go to state 16
    REPITA          shift and go to state 17
    FIN             reduce using rule 30 (empty -> .)
    LLAVE_DER       reduce using rule 30 (empty -> .)

    repita                         shift and go to state 14
    expresion                      shift and go to state 25
    condicion1                     shift and go to state 12
    condicion2                     shift and go to state 13
    empty                          shift and go to state 23

state 15

    (29) sinini -> DCL . ID
    (28) ini -> DCL . ID IGUAL NUMERO

    ID              shift and go to state 26


state 16

    (18) condicion1 -> ENCASO . cond1Aux FINENCASO PUNTOCOMA
    (16) condicion2 -> ENCASO . ID cond2Aux2 FINENCASO PUNTOCOMA
    (19) cond1Aux -> . CUANDO ID condicion sentencia ENTONS LLAVE_IZQ expresion LLAVE_DER SINO LLAVE_IZQ expresion LLAVE_DER

    ID              shift and go to state 28
    CUANDO          shift and go to state 29

    cond1Aux                       shift and go to state 27

state 17

    (15) repita -> REPITA . LLAVE_IZQ expresion LLAVE_DER HASTAENCONTRAR ID condicion sentencia PUNTOCOMA

    LLAVE_IZQ       shift and go to state 30


state 18

    (3) code -> INICIO DOSPUNTOS cuerpo FIN . PUNTOCOMA procedimiento

    PUNTOCOMA       shift and go to state 31


state 19

    (6) variable -> sinini PUNTOCOMA . cuerpo
    (9) cuerpo -> . variable
    (10) cuerpo -> . expresion
    (6) variable -> . sinini PUNTOCOMA cuerpo
    (7) variable -> . ini PUNTOCOMA cuerpo
    (8) variable -> . empty empty empty
    (11) expresion -> . condicion1 expresion
    (12) expresion -> . condicion2 expresion
    (13) expresion -> . repita expresion
    (14) expresion -> . empty empty
    (29) sinini -> . DCL ID
    (28) ini -> . DCL ID IGUAL NUMERO
    (30) empty -> .
    (18) condicion1 -> . ENCASO cond1Aux FINENCASO PUNTOCOMA
    (16) condicion2 -> . ENCASO ID cond2Aux2 FINENCASO PUNTOCOMA
    (15) repita -> . REPITA LLAVE_IZQ expresion LLAVE_DER HASTAENCONTRAR ID condicion sentencia PUNTOCOMA

    DCL             shift and go to state 15
    FIN             reduce using rule 30 (empty -> .)
    ENCASO          shift and go to state 16
    REPITA          shift and go to state 17

    sinini                         shift and go to state 9
    cuerpo                         shift and go to state 32
    variable                       shift and go to state 7
    expresion                      shift and go to state 8
    ini                            shift and go to state 10
    empty                          shift and go to state 11
    condicion1                     shift and go to state 12
    condicion2                     shift and go to state 13
    repita                         shift and go to state 14

state 20

    (7) variable -> ini PUNTOCOMA . cuerpo
    (9) cuerpo -> . variable
    (10) cuerpo -> . expresion
    (6) variable -> . sinini PUNTOCOMA cuerpo
    (7) variable -> . ini PUNTOCOMA cuerpo
    (8) variable -> . empty empty empty
    (11) expresion -> . condicion1 expresion
    (12) expresion -> . condicion2 expresion
    (13) expresion -> . repita expresion
    (14) expresion -> . empty empty
    (29) sinini -> . DCL ID
    (28) ini -> . DCL ID IGUAL NUMERO
    (30) empty -> .
    (18) condicion1 -> . ENCASO cond1Aux FINENCASO PUNTOCOMA
    (16) condicion2 -> . ENCASO ID cond2Aux2 FINENCASO PUNTOCOMA
    (15) repita -> . REPITA LLAVE_IZQ expresion LLAVE_DER HASTAENCONTRAR ID condicion sentencia PUNTOCOMA

    DCL             shift and go to state 15
    FIN             reduce using rule 30 (empty -> .)
    ENCASO          shift and go to state 16
    REPITA          shift and go to state 17

    ini                            shift and go to state 10
    cuerpo                         shift and go to state 33
    variable                       shift and go to state 7
    expresion                      shift and go to state 8
    sinini                         shift and go to state 9
    empty                          shift and go to state 11
    condicion1                     shift and go to state 12
    condicion2                     shift and go to state 13
    repita                         shift and go to state 14

state 21

    (8) variable -> empty empty . empty
    (14) expresion -> empty empty .
    (30) empty -> .

  ! reduce/reduce conflict for FIN resolved using rule 14 (expresion -> empty empty .)
    FIN             reduce using rule 14 (expresion -> empty empty .)

  ! FIN             [ reduce using rule 30 (empty -> .) ]

    empty                          shift and go to state 34

state 22

    (11) expresion -> condicion1 expresion .

    FIN             reduce using rule 11 (expresion -> condicion1 expresion .)
    LLAVE_DER       reduce using rule 11 (expresion -> condicion1 expresion .)


state 23

    (14) expresion -> empty . empty
    (30) empty -> .

    FIN             reduce using rule 30 (empty -> .)
    LLAVE_DER       reduce using rule 30 (empty -> .)

    empty                          shift and go to state 35

state 24

    (12) expresion -> condicion2 expresion .

    FIN             reduce using rule 12 (expresion -> condicion2 expresion .)
    LLAVE_DER       reduce using rule 12 (expresion -> condicion2 expresion .)


state 25

    (13) expresion -> repita expresion .

    FIN             reduce using rule 13 (expresion -> repita expresion .)
    LLAVE_DER       reduce using rule 13 (expresion -> repita expresion .)


state 26

    (29) sinini -> DCL ID .
    (28) ini -> DCL ID . IGUAL NUMERO

    PUNTOCOMA       reduce using rule 29 (sinini -> DCL ID .)
    IGUAL           shift and go to state 36


state 27

    (18) condicion1 -> ENCASO cond1Aux . FINENCASO PUNTOCOMA

    FINENCASO       shift and go to state 37


state 28

    (16) condicion2 -> ENCASO ID . cond2Aux2 FINENCASO PUNTOCOMA
    (17) cond2Aux2 -> . CUANDO condicion sentencia ENTONS LLAVE_IZQ expresion LLAVE_DER SINO LLAVE_IZQ expresion LLAVE_DER

    CUANDO          shift and go to state 39

    cond2Aux2                      shift and go to state 38

state 29

    (19) cond1Aux -> CUANDO . ID condicion sentencia ENTONS LLAVE_IZQ expresion LLAVE_DER SINO LLAVE_IZQ expresion LLAVE_DER

    ID              shift and go to state 40


state 30

    (15) repita -> REPITA LLAVE_IZQ . expresion LLAVE_DER HASTAENCONTRAR ID condicion sentencia PUNTOCOMA
    (11) expresion -> . condicion1 expresion
    (12) expresion -> . condicion2 expresion
    (13) expresion -> . repita expresion
    (14) expresion -> . empty empty
    (18) condicion1 -> . ENCASO cond1Aux FINENCASO PUNTOCOMA
    (16) condicion2 -> . ENCASO ID cond2Aux2 FINENCASO PUNTOCOMA
    (15) repita -> . REPITA LLAVE_IZQ expresion LLAVE_DER HASTAENCONTRAR ID condicion sentencia PUNTOCOMA
    (30) empty -> .

    ENCASO          shift and go to state 16
    REPITA          shift and go to state 17
    LLAVE_DER       reduce using rule 30 (empty -> .)

    expresion                      shift and go to state 41
    condicion1                     shift and go to state 12
    condicion2                     shift and go to state 13
    repita                         shift and go to state 14
    empty                          shift and go to state 23

state 31

    (3) code -> INICIO DOSPUNTOS cuerpo FIN PUNTOCOMA . procedimiento
    (4) procedimiento -> . ID
    (5) procedimiento -> . empty
    (30) empty -> .

    ID              shift and go to state 43
    $end            reduce using rule 30 (empty -> .)

    procedimiento                  shift and go to state 42
    empty                          shift and go to state 44

state 32

    (6) variable -> sinini PUNTOCOMA cuerpo .

    FIN             reduce using rule 6 (variable -> sinini PUNTOCOMA cuerpo .)


state 33

    (7) variable -> ini PUNTOCOMA cuerpo .

    FIN             reduce using rule 7 (variable -> ini PUNTOCOMA cuerpo .)


state 34

    (8) variable -> empty empty empty .

    FIN             reduce using rule 8 (variable -> empty empty empty .)


state 35

    (14) expresion -> empty empty .

    FIN             reduce using rule 14 (expresion -> empty empty .)
    LLAVE_DER       reduce using rule 14 (expresion -> empty empty .)


state 36

    (28) ini -> DCL ID IGUAL . NUMERO

    NUMERO          shift and go to state 45


state 37

    (18) condicion1 -> ENCASO cond1Aux FINENCASO . PUNTOCOMA

    PUNTOCOMA       shift and go to state 46


state 38

    (16) condicion2 -> ENCASO ID cond2Aux2 . FINENCASO PUNTOCOMA

    FINENCASO       shift and go to state 47


state 39

    (17) cond2Aux2 -> CUANDO . condicion sentencia ENTONS LLAVE_IZQ expresion LLAVE_DER SINO LLAVE_IZQ expresion LLAVE_DER
    (20) condicion -> . IGUAL
    (21) condicion -> . MAYOR
    (22) condicion -> . MENOR
    (23) condicion -> . DIFERENTE
    (24) condicion -> . MAYORIGUAL
    (25) condicion -> . MENORIGUAL

    IGUAL           shift and go to state 49
    MAYOR           shift and go to state 50
    MENOR           shift and go to state 51
    DIFERENTE       shift and go to state 52
    MAYORIGUAL      shift and go to state 53
    MENORIGUAL      shift and go to state 54

    condicion                      shift and go to state 48

state 40

    (19) cond1Aux -> CUANDO ID . condicion sentencia ENTONS LLAVE_IZQ expresion LLAVE_DER SINO LLAVE_IZQ expresion LLAVE_DER
    (20) condicion -> . IGUAL
    (21) condicion -> . MAYOR
    (22) condicion -> . MENOR
    (23) condicion -> . DIFERENTE
    (24) condicion -> . MAYORIGUAL
    (25) condicion -> . MENORIGUAL

    IGUAL           shift and go to state 49
    MAYOR           shift and go to state 50
    MENOR           shift and go to state 51
    DIFERENTE       shift and go to state 52
    MAYORIGUAL      shift and go to state 53
    MENORIGUAL      shift and go to state 54

    condicion                      shift and go to state 55

state 41

    (15) repita -> REPITA LLAVE_IZQ expresion . LLAVE_DER HASTAENCONTRAR ID condicion sentencia PUNTOCOMA

    LLAVE_DER       shift and go to state 56


state 42

    (3) code -> INICIO DOSPUNTOS cuerpo FIN PUNTOCOMA procedimiento .

    $end            reduce using rule 3 (code -> INICIO DOSPUNTOS cuerpo FIN PUNTOCOMA procedimiento .)


state 43

    (4) procedimiento -> ID .

    $end            reduce using rule 4 (procedimiento -> ID .)


state 44

    (5) procedimiento -> empty .

    $end            reduce using rule 5 (procedimiento -> empty .)


state 45

    (28) ini -> DCL ID IGUAL NUMERO .

    PUNTOCOMA       reduce using rule 28 (ini -> DCL ID IGUAL NUMERO .)


state 46

    (18) condicion1 -> ENCASO cond1Aux FINENCASO PUNTOCOMA .

    ENCASO          reduce using rule 18 (condicion1 -> ENCASO cond1Aux FINENCASO PUNTOCOMA .)
    REPITA          reduce using rule 18 (condicion1 -> ENCASO cond1Aux FINENCASO PUNTOCOMA .)
    FIN             reduce using rule 18 (condicion1 -> ENCASO cond1Aux FINENCASO PUNTOCOMA .)
    LLAVE_DER       reduce using rule 18 (condicion1 -> ENCASO cond1Aux FINENCASO PUNTOCOMA .)


state 47

    (16) condicion2 -> ENCASO ID cond2Aux2 FINENCASO . PUNTOCOMA

    PUNTOCOMA       shift and go to state 57


state 48

    (17) cond2Aux2 -> CUANDO condicion . sentencia ENTONS LLAVE_IZQ expresion LLAVE_DER SINO LLAVE_IZQ expresion LLAVE_DER
    (26) sentencia -> . ID
    (27) sentencia -> . NUMERO

    ID              shift and go to state 59
    NUMERO          shift and go to state 60

    sentencia                      shift and go to state 58

state 49

    (20) condicion -> IGUAL .

    ID              reduce using rule 20 (condicion -> IGUAL .)
    NUMERO          reduce using rule 20 (condicion -> IGUAL .)


state 50

    (21) condicion -> MAYOR .

    ID              reduce using rule 21 (condicion -> MAYOR .)
    NUMERO          reduce using rule 21 (condicion -> MAYOR .)


state 51

    (22) condicion -> MENOR .

    ID              reduce using rule 22 (condicion -> MENOR .)
    NUMERO          reduce using rule 22 (condicion -> MENOR .)


state 52

    (23) condicion -> DIFERENTE .

    ID              reduce using rule 23 (condicion -> DIFERENTE .)
    NUMERO          reduce using rule 23 (condicion -> DIFERENTE .)


state 53

    (24) condicion -> MAYORIGUAL .

    ID              reduce using rule 24 (condicion -> MAYORIGUAL .)
    NUMERO          reduce using rule 24 (condicion -> MAYORIGUAL .)


state 54

    (25) condicion -> MENORIGUAL .

    ID              reduce using rule 25 (condicion -> MENORIGUAL .)
    NUMERO          reduce using rule 25 (condicion -> MENORIGUAL .)


state 55

    (19) cond1Aux -> CUANDO ID condicion . sentencia ENTONS LLAVE_IZQ expresion LLAVE_DER SINO LLAVE_IZQ expresion LLAVE_DER
    (26) sentencia -> . ID
    (27) sentencia -> . NUMERO

    ID              shift and go to state 59
    NUMERO          shift and go to state 60

    sentencia                      shift and go to state 61

state 56

    (15) repita -> REPITA LLAVE_IZQ expresion LLAVE_DER . HASTAENCONTRAR ID condicion sentencia PUNTOCOMA

    HASTAENCONTRAR  shift and go to state 62


state 57

    (16) condicion2 -> ENCASO ID cond2Aux2 FINENCASO PUNTOCOMA .

    ENCASO          reduce using rule 16 (condicion2 -> ENCASO ID cond2Aux2 FINENCASO PUNTOCOMA .)
    REPITA          reduce using rule 16 (condicion2 -> ENCASO ID cond2Aux2 FINENCASO PUNTOCOMA .)
    FIN             reduce using rule 16 (condicion2 -> ENCASO ID cond2Aux2 FINENCASO PUNTOCOMA .)
    LLAVE_DER       reduce using rule 16 (condicion2 -> ENCASO ID cond2Aux2 FINENCASO PUNTOCOMA .)


state 58

    (17) cond2Aux2 -> CUANDO condicion sentencia . ENTONS LLAVE_IZQ expresion LLAVE_DER SINO LLAVE_IZQ expresion LLAVE_DER

    ENTONS          shift and go to state 63


state 59

    (26) sentencia -> ID .

    ENTONS          reduce using rule 26 (sentencia -> ID .)
    PUNTOCOMA       reduce using rule 26 (sentencia -> ID .)


state 60

    (27) sentencia -> NUMERO .

    ENTONS          reduce using rule 27 (sentencia -> NUMERO .)
    PUNTOCOMA       reduce using rule 27 (sentencia -> NUMERO .)


state 61

    (19) cond1Aux -> CUANDO ID condicion sentencia . ENTONS LLAVE_IZQ expresion LLAVE_DER SINO LLAVE_IZQ expresion LLAVE_DER

    ENTONS          shift and go to state 64


state 62

    (15) repita -> REPITA LLAVE_IZQ expresion LLAVE_DER HASTAENCONTRAR . ID condicion sentencia PUNTOCOMA

    ID              shift and go to state 65


state 63

    (17) cond2Aux2 -> CUANDO condicion sentencia ENTONS . LLAVE_IZQ expresion LLAVE_DER SINO LLAVE_IZQ expresion LLAVE_DER

    LLAVE_IZQ       shift and go to state 66


state 64

    (19) cond1Aux -> CUANDO ID condicion sentencia ENTONS . LLAVE_IZQ expresion LLAVE_DER SINO LLAVE_IZQ expresion LLAVE_DER

    LLAVE_IZQ       shift and go to state 67


state 65

    (15) repita -> REPITA LLAVE_IZQ expresion LLAVE_DER HASTAENCONTRAR ID . condicion sentencia PUNTOCOMA
    (20) condicion -> . IGUAL
    (21) condicion -> . MAYOR
    (22) condicion -> . MENOR
    (23) condicion -> . DIFERENTE
    (24) condicion -> . MAYORIGUAL
    (25) condicion -> . MENORIGUAL

    IGUAL           shift and go to state 49
    MAYOR           shift and go to state 50
    MENOR           shift and go to state 51
    DIFERENTE       shift and go to state 52
    MAYORIGUAL      shift and go to state 53
    MENORIGUAL      shift and go to state 54

    condicion                      shift and go to state 68

state 66

    (17) cond2Aux2 -> CUANDO condicion sentencia ENTONS LLAVE_IZQ . expresion LLAVE_DER SINO LLAVE_IZQ expresion LLAVE_DER
    (11) expresion -> . condicion1 expresion
    (12) expresion -> . condicion2 expresion
    (13) expresion -> . repita expresion
    (14) expresion -> . empty empty
    (18) condicion1 -> . ENCASO cond1Aux FINENCASO PUNTOCOMA
    (16) condicion2 -> . ENCASO ID cond2Aux2 FINENCASO PUNTOCOMA
    (15) repita -> . REPITA LLAVE_IZQ expresion LLAVE_DER HASTAENCONTRAR ID condicion sentencia PUNTOCOMA
    (30) empty -> .

    ENCASO          shift and go to state 16
    REPITA          shift and go to state 17
    LLAVE_DER       reduce using rule 30 (empty -> .)

    expresion                      shift and go to state 69
    condicion1                     shift and go to state 12
    condicion2                     shift and go to state 13
    repita                         shift and go to state 14
    empty                          shift and go to state 23

state 67

    (19) cond1Aux -> CUANDO ID condicion sentencia ENTONS LLAVE_IZQ . expresion LLAVE_DER SINO LLAVE_IZQ expresion LLAVE_DER
    (11) expresion -> . condicion1 expresion
    (12) expresion -> . condicion2 expresion
    (13) expresion -> . repita expresion
    (14) expresion -> . empty empty
    (18) condicion1 -> . ENCASO cond1Aux FINENCASO PUNTOCOMA
    (16) condicion2 -> . ENCASO ID cond2Aux2 FINENCASO PUNTOCOMA
    (15) repita -> . REPITA LLAVE_IZQ expresion LLAVE_DER HASTAENCONTRAR ID condicion sentencia PUNTOCOMA
    (30) empty -> .

    ENCASO          shift and go to state 16
    REPITA          shift and go to state 17
    LLAVE_DER       reduce using rule 30 (empty -> .)

    expresion                      shift and go to state 70
    condicion1                     shift and go to state 12
    condicion2                     shift and go to state 13
    repita                         shift and go to state 14
    empty                          shift and go to state 23

state 68

    (15) repita -> REPITA LLAVE_IZQ expresion LLAVE_DER HASTAENCONTRAR ID condicion . sentencia PUNTOCOMA
    (26) sentencia -> . ID
    (27) sentencia -> . NUMERO

    ID              shift and go to state 59
    NUMERO          shift and go to state 60

    sentencia                      shift and go to state 71

state 69

    (17) cond2Aux2 -> CUANDO condicion sentencia ENTONS LLAVE_IZQ expresion . LLAVE_DER SINO LLAVE_IZQ expresion LLAVE_DER

    LLAVE_DER       shift and go to state 72


state 70

    (19) cond1Aux -> CUANDO ID condicion sentencia ENTONS LLAVE_IZQ expresion . LLAVE_DER SINO LLAVE_IZQ expresion LLAVE_DER

    LLAVE_DER       shift and go to state 73


state 71

    (15) repita -> REPITA LLAVE_IZQ expresion LLAVE_DER HASTAENCONTRAR ID condicion sentencia . PUNTOCOMA

    PUNTOCOMA       shift and go to state 74


state 72

    (17) cond2Aux2 -> CUANDO condicion sentencia ENTONS LLAVE_IZQ expresion LLAVE_DER . SINO LLAVE_IZQ expresion LLAVE_DER

    SINO            shift and go to state 75


state 73

    (19) cond1Aux -> CUANDO ID condicion sentencia ENTONS LLAVE_IZQ expresion LLAVE_DER . SINO LLAVE_IZQ expresion LLAVE_DER

    SINO            shift and go to state 76


state 74

    (15) repita -> REPITA LLAVE_IZQ expresion LLAVE_DER HASTAENCONTRAR ID condicion sentencia PUNTOCOMA .

    ENCASO          reduce using rule 15 (repita -> REPITA LLAVE_IZQ expresion LLAVE_DER HASTAENCONTRAR ID condicion sentencia PUNTOCOMA .)
    REPITA          reduce using rule 15 (repita -> REPITA LLAVE_IZQ expresion LLAVE_DER HASTAENCONTRAR ID condicion sentencia PUNTOCOMA .)
    FIN             reduce using rule 15 (repita -> REPITA LLAVE_IZQ expresion LLAVE_DER HASTAENCONTRAR ID condicion sentencia PUNTOCOMA .)
    LLAVE_DER       reduce using rule 15 (repita -> REPITA LLAVE_IZQ expresion LLAVE_DER HASTAENCONTRAR ID condicion sentencia PUNTOCOMA .)


state 75

    (17) cond2Aux2 -> CUANDO condicion sentencia ENTONS LLAVE_IZQ expresion LLAVE_DER SINO . LLAVE_IZQ expresion LLAVE_DER

    LLAVE_IZQ       shift and go to state 77


state 76

    (19) cond1Aux -> CUANDO ID condicion sentencia ENTONS LLAVE_IZQ expresion LLAVE_DER SINO . LLAVE_IZQ expresion LLAVE_DER

    LLAVE_IZQ       shift and go to state 78


state 77

    (17) cond2Aux2 -> CUANDO condicion sentencia ENTONS LLAVE_IZQ expresion LLAVE_DER SINO LLAVE_IZQ . expresion LLAVE_DER
    (11) expresion -> . condicion1 expresion
    (12) expresion -> . condicion2 expresion
    (13) expresion -> . repita expresion
    (14) expresion -> . empty empty
    (18) condicion1 -> . ENCASO cond1Aux FINENCASO PUNTOCOMA
    (16) condicion2 -> . ENCASO ID cond2Aux2 FINENCASO PUNTOCOMA
    (15) repita -> . REPITA LLAVE_IZQ expresion LLAVE_DER HASTAENCONTRAR ID condicion sentencia PUNTOCOMA
    (30) empty -> .

    ENCASO          shift and go to state 16
    REPITA          shift and go to state 17
    LLAVE_DER       reduce using rule 30 (empty -> .)

    expresion                      shift and go to state 79
    condicion1                     shift and go to state 12
    condicion2                     shift and go to state 13
    repita                         shift and go to state 14
    empty                          shift and go to state 23

state 78

    (19) cond1Aux -> CUANDO ID condicion sentencia ENTONS LLAVE_IZQ expresion LLAVE_DER SINO LLAVE_IZQ . expresion LLAVE_DER
    (11) expresion -> . condicion1 expresion
    (12) expresion -> . condicion2 expresion
    (13) expresion -> . repita expresion
    (14) expresion -> . empty empty
    (18) condicion1 -> . ENCASO cond1Aux FINENCASO PUNTOCOMA
    (16) condicion2 -> . ENCASO ID cond2Aux2 FINENCASO PUNTOCOMA
    (15) repita -> . REPITA LLAVE_IZQ expresion LLAVE_DER HASTAENCONTRAR ID condicion sentencia PUNTOCOMA
    (30) empty -> .

    ENCASO          shift and go to state 16
    REPITA          shift and go to state 17
    LLAVE_DER       reduce using rule 30 (empty -> .)

    expresion                      shift and go to state 80
    condicion1                     shift and go to state 12
    condicion2                     shift and go to state 13
    repita                         shift and go to state 14
    empty                          shift and go to state 23

state 79

    (17) cond2Aux2 -> CUANDO condicion sentencia ENTONS LLAVE_IZQ expresion LLAVE_DER SINO LLAVE_IZQ expresion . LLAVE_DER

    LLAVE_DER       shift and go to state 81


state 80

    (19) cond1Aux -> CUANDO ID condicion sentencia ENTONS LLAVE_IZQ expresion LLAVE_DER SINO LLAVE_IZQ expresion . LLAVE_DER

    LLAVE_DER       shift and go to state 82


state 81

    (17) cond2Aux2 -> CUANDO condicion sentencia ENTONS LLAVE_IZQ expresion LLAVE_DER SINO LLAVE_IZQ expresion LLAVE_DER .

    FINENCASO       reduce using rule 17 (cond2Aux2 -> CUANDO condicion sentencia ENTONS LLAVE_IZQ expresion LLAVE_DER SINO LLAVE_IZQ expresion LLAVE_DER .)


state 82

    (19) cond1Aux -> CUANDO ID condicion sentencia ENTONS LLAVE_IZQ expresion LLAVE_DER SINO LLAVE_IZQ expresion LLAVE_DER .

    FINENCASO       reduce using rule 19 (cond1Aux -> CUANDO ID condicion sentencia ENTONS LLAVE_IZQ expresion LLAVE_DER SINO LLAVE_IZQ expresion LLAVE_DER .)

WARNING: 
WARNING: Conflicts:
WARNING: 
WARNING: reduce/reduce conflict in state 21 resolved using rule (expresion -> empty empty)
WARNING: rejected rule (empty -> <empty>) in state 21
